빌드 시작: 2015-12-01 오후 1:28:31
     1>4 노드의 "D:\Source\BOC\내제화\Main OP\SRC-NEW-HDSInspector\DCSWrapper\DCSWrapper.vcxproj" 프로젝트(Rebuild 대상)입니다.
     1>_PrepareForClean:
         "x64\Debug\DCSWrapper.lastbuildstate" 파일을 삭제하고 있습니다.
       InitializeBuildStatus:
         "x64\Debug\DCSWrapper.unsuccessfulbuild"에 연결(touching)하고 있습니다.
       GenerateTargetFrameworkMonikerAttribute:
       해당 입력 파일과 비교하여 출력 파일이 모두 최신 파일이므로 "GenerateTargetFrameworkMonikerAttribute" 대상을 건너뜁니다.
       ClCompile:
         C:\Program Files (x86)\Microsoft Visual Studio 11.0\VC\bin\x86_amd64\CL.exe /c /I"C:\Program Files (x86)\National Instruments\Shared\ExternalCompilerSupport\C\include" /AI"C:\Program Files (x86)\Reference Assemblies\Microsoft\Framework\.NETFramework\v4.5\\" /AI"C:\Program Files (x86)\Windows Kits\8.0\References\CommonConfiguration\Neutral" /AI"C:\Program Files (x86)\Reference Assemblies\Microsoft\Framework\.NETFramework\v4.5\Facades\\" /Zi /clr /nologo /W3 /WX- /Od /Oy- /D WIN32 /D _DEBUG /D _WINDLL /D _UNICODE /D UNICODE /EHa /MDd /GS /Zc:wchar_t /Zc:forScope /Yc"stdafx.h" /Fp"x64\Debug\DCSWrapper.pch" /Fo"x64\Debug\\" /Fd"x64\Debug\vc110.pdb" /TP /FU"C:\Program Files (x86)\Reference Assemblies\Microsoft\Framework\.NETFramework\v4.5\mscorlib.dll" /FU"C:\Program Files (x86)\Reference Assemblies\Microsoft\Framework\.NETFramework\v4.5\System.Data.dll" /FU"C:\Program Files (x86)\Reference Assemblies\Microsoft\Framework\.NETFramework\v4.5\System.dll" /FU"C:\Program Files (x86)\Reference Assemblies\Microsoft\Framework\.NETFramework\v4.5\System.Xml.dll" /errorReport:prompt /clr:nostdlib /I"C:\Program Files (x86)\National Instruments\Shared\ExternalCompilerSupport\C\include" Stdafx.cpp
         Stdafx.cpp
         C:\Program Files (x86)\Microsoft Visual Studio 11.0\VC\bin\x86_amd64\CL.exe /c /I"C:\Program Files (x86)\National Instruments\Shared\ExternalCompilerSupport\C\include" /AI"C:\Program Files (x86)\Reference Assemblies\Microsoft\Framework\.NETFramework\v4.5\\" /AI"C:\Program Files (x86)\Windows Kits\8.0\References\CommonConfiguration\Neutral" /AI"C:\Program Files (x86)\Reference Assemblies\Microsoft\Framework\.NETFramework\v4.5\Facades\\" /Zi /clr /nologo /W3 /WX- /Od /Oy- /D WIN32 /D _DEBUG /D _WINDLL /D _UNICODE /D UNICODE /EHa /MDd /GS /Zc:wchar_t /Zc:forScope /Yu"stdafx.h" /Fp"x64\Debug\DCSWrapper.pch" /Fo"x64\Debug\\" /Fd"x64\Debug\vc110.pdb" /TP /FU"C:\Program Files (x86)\Reference Assemblies\Microsoft\Framework\.NETFramework\v4.5\mscorlib.dll" /FU"C:\Program Files (x86)\Reference Assemblies\Microsoft\Framework\.NETFramework\v4.5\System.Data.dll" /FU"C:\Program Files (x86)\Reference Assemblies\Microsoft\Framework\.NETFramework\v4.5\System.dll" /FU"C:\Program Files (x86)\Reference Assemblies\Microsoft\Framework\.NETFramework\v4.5\System.Xml.dll" /errorReport:prompt /clr:nostdlib /I"C:\Program Files (x86)\National Instruments\Shared\ExternalCompilerSupport\C\include" AssemblyInfo.cpp NiDAQmxLib.cpp
         AssemblyInfo.cpp
         NiDAQmxLib.cpp
         코드를 생성하고 있습니다...
         C:\Program Files (x86)\Microsoft Visual Studio 11.0\VC\bin\x86_amd64\CL.exe /c /I"C:\Program Files (x86)\National Instruments\Shared\ExternalCompilerSupport\C\include" /Zi /clr /nologo /W3 /WX- /Od /Oy- /D WIN32 /D _DEBUG /D _WINDLL /D _UNICODE /D UNICODE /EHa /MDd /GS /Zc:wchar_t /Zc:forScope /Fo"x64\Debug\\" /Fd"x64\Debug\vc110.pdb" /TP /errorReport:prompt /I"C:\Program Files (x86)\National Instruments\Shared\ExternalCompilerSupport\C\include" "C:\Users\H150021\AppData\Local\Temp\.NETFramework,Version=v4.5.AssemblyAttributes.cpp"
         .NETFramework,Version=v4.5.AssemblyAttributes.cpp
       ResourceCompile:
         C:\Program Files (x86)\Windows Kits\8.0\bin\x86\rc.exe /D _UNICODE /D UNICODE /l"0x0409" /nologo /fo"x64\Debug\app.res" app.rc 
       Link:
         C:\Program Files (x86)\Microsoft Visual Studio 11.0\VC\bin\x86_amd64\link.exe /ERRORREPORT:PROMPT /OUT:"D:\Source\BOC\내제화\Main OP\SRC-NEW-HDSInspector\..\..\bin\DCSWrapper.dll" /INCREMENTAL /NOLOGO ..\lib\lib64\NIDAQmx.lib /MANIFEST /MANIFESTUAC:"level='asInvoker' uiAccess='false'" /manifest:embed /DEBUG /PDB:"D:\Source\BOC\내제화\Main OP\SRC-NEW-HDSInspector\..\..\bin\DCSWrapper.pdb" /ASSEMBLYDEBUG /TLBID:1 /DYNAMICBASE /FIXED:NO /NXCOMPAT /MACHINE:X64 /DLL x64\Debug\app.res
         x64\Debug\AssemblyInfo.obj
         x64\Debug\NiDAQmxLib.obj
         x64\Debug\Stdafx.obj
         "x64\Debug\.NETFramework,Version=v4.5.AssemblyAttributes.obj"
         DCSWrapper.vcxproj -> D:\Source\BOC\내제화\Main OP\SRC-NEW-HDSInspector\..\..\bin\DCSWrapper.dll
       PostBuildEvent:
         del D:\Source\BOC\내제화\Main OP\SRC-NEW-HDSInspector\..\..\bin\DCSWrapper.pdb del D:\Source\BOC\내제화\Main OP\SRC-NEW-HDSInspector\..\..\bin\DCSWrapper.ilk
         :VCEnd
         지정된 파일을 찾을 수 없습니다.
     1>C:\Program Files (x86)\MSBuild\Microsoft.Cpp\v4.0\V110\Microsoft.CppCommon.targets(134,5): error MSB3073: "del D:\Source\BOC\내제화\Main OP\SRC-NEW-HDSInspector\..\..\bin\DCSWrapper.pdb del D:\Source\BOC\내제화\Main OP\SRC-NEW-HDSInspector\..\..\bin\DCSWrapper.ilk
C:\Program Files (x86)\MSBuild\Microsoft.Cpp\v4.0\V110\Microsoft.CppCommon.targets(134,5): error MSB3073: :VCEnd" 명령이 종료되었습니다(코드: 1).
     1>"D:\Source\BOC\내제화\Main OP\SRC-NEW-HDSInspector\DCSWrapper\DCSWrapper.vcxproj" 프로젝트를 빌드했습니다(Rebuild 대상). - 실패

빌드하지 못했습니다.

경과 시간: 00:00:07.40
