D:\SOURCE\BOC\내제화\MAIN OP\SRC-NEW-HDSINSPECTOR\DCSWRAPPER\X64\DEBUG\DCSWRAPPER.PCH
D:\SOURCE\BOC\내제화\MAIN OP\SRC-NEW-HDSINSPECTOR\DCSWRAPPER\X64\DEBUG\STDAFX.OBJ
D:\SOURCE\BOC\내제화\MAIN OP\SRC-NEW-HDSINSPECTOR\DCSWRAPPER\X64\DEBUG\VC110.PDB
D:\SOURCE\BOC\내제화\MAIN OP\SRC-NEW-HDSINSPECTOR\DCSWRAPPER\X64\DEBUG\NIDAQMXLIB.OBJ
D:\SOURCE\BOC\내제화\MAIN OP\SRC-NEW-HDSINSPECTOR\DCSWRAPPER\X64\DEBUG\ASSEMBLYINFO.OBJ
D:\SOURCE\BOC\내제화\MAIN OP\SRC-NEW-HDSINSPECTOR\DCSWRAPPER\X64\DEBUG\.NETFRAMEWORK,VERSION=V4.5.ASSEMBLYATTRIBUTES.OBJ
D:\SOURCE\BOC\내제화\BIN\DCSWRAPPER.ILK
D:\SOURCE\BOC\내제화\BIN\DCSWRAPPER.DLL
D:\SOURCE\BOC\내제화\BIN\DCSWRAPPER.PDB
D:\SOURCE\BOC\내제화\MAIN OP\SRC-NEW-HDSINSPECTOR\DCSWRAPPER\X64\DEBUG\APP.RES
D:\Source\BOC\내제화\Main OP\SRC-NEW-HDSInspector\DCSWrapper\x64\Debug\.NETFramework,Version=v4.5.AssemblyAttributes.obj
D:\Source\BOC\내제화\Main OP\SRC-NEW-HDSInspector\DCSWrapper\x64\Debug\AssemblyInfo.obj
D:\Source\BOC\내제화\Main OP\SRC-NEW-HDSInspector\DCSWrapper\x64\Debug\NiDAQmxLib.obj
D:\Source\BOC\내제화\Main OP\SRC-NEW-HDSInspector\DCSWrapper\x64\Debug\Stdafx.obj
D:\Source\BOC\내제화\Main OP\SRC-NEW-HDSInspector\DCSWrapper\x64\Debug\cl.command.1.tlog
D:\Source\BOC\내제화\Main OP\SRC-NEW-HDSInspector\DCSWrapper\x64\Debug\CL.read.1.tlog
D:\Source\BOC\내제화\Main OP\SRC-NEW-HDSInspector\DCSWrapper\x64\Debug\CL.write.1.tlog
D:\Source\BOC\내제화\Main OP\SRC-NEW-HDSInspector\DCSWrapper\x64\Debug\link.10640-cvtres.read.1.tlog
D:\Source\BOC\내제화\Main OP\SRC-NEW-HDSInspector\DCSWrapper\x64\Debug\link.10640-cvtres.write.1.tlog
D:\Source\BOC\내제화\Main OP\SRC-NEW-HDSInspector\DCSWrapper\x64\Debug\link.10640-rc.read.1.tlog
D:\Source\BOC\내제화\Main OP\SRC-NEW-HDSInspector\DCSWrapper\x64\Debug\link.10640-rc.write.1.tlog
D:\Source\BOC\내제화\Main OP\SRC-NEW-HDSInspector\DCSWrapper\x64\Debug\link.10640.read.1.tlog
D:\Source\BOC\내제화\Main OP\SRC-NEW-HDSInspector\DCSWrapper\x64\Debug\link.10640.write.1.tlog
D:\Source\BOC\내제화\Main OP\SRC-NEW-HDSInspector\DCSWrapper\x64\Debug\link.command.1.tlog
D:\Source\BOC\내제화\Main OP\SRC-NEW-HDSInspector\DCSWrapper\x64\Debug\link.read.1.tlog
D:\Source\BOC\내제화\Main OP\SRC-NEW-HDSInspector\DCSWrapper\x64\Debug\link.write.1.tlog
D:\Source\BOC\내제화\Main OP\SRC-NEW-HDSInspector\DCSWrapper\x64\Debug\metagen.read.1.tlog
D:\Source\BOC\내제화\Main OP\SRC-NEW-HDSInspector\DCSWrapper\x64\Debug\metagen.write.1.tlog
D:\Source\BOC\내제화\Main OP\SRC-NEW-HDSInspector\DCSWrapper\x64\Debug\rc.command.1.tlog
D:\Source\BOC\내제화\Main OP\SRC-NEW-HDSInspector\DCSWrapper\x64\Debug\rc.read.1.tlog
D:\Source\BOC\내제화\Main OP\SRC-NEW-HDSInspector\DCSWrapper\x64\Debug\rc.write.1.tlog
D:\Source\BOC\내제화\Main OP\SRC-NEW-HDSInspector\DCSWrapper\x64\Debug\app.res
D:\Source\BOC\내제화\Main OP\SRC-NEW-HDSInspector\DCSWrapper\x64\Debug\DCSWrapper.pch
D:\Source\BOC\내제화\Main OP\SRC-NEW-HDSInspector\DCSWrapper\x64\Debug\vc110.pdb
D:\Source\BOC\내제화\Main OP\SRC-NEW-HDSInspector\DCSWrapper\x64\Debug\RSAENH.DLL.bi
D:\Source\BOC\내제화\Main OP\SRC-NEW-HDSInspector\DCSWrapper\x64\Debug\TZRES.DLL.bi
D:\Source\BOC\내제화\Main OP\SRC-NEW-HDSInspector\..\..\bin\DCSWrapper.pdb
D:\Source\BOC\내제화\Main OP\SRC-NEW-HDSInspector\..\..\bin\DCSWrapper.dll
D:\Source\BOC\내제화\Main OP\SRC-NEW-HDSInspector\..\..\bin\DCSWrapper.ilk
