d:\bga_main\src-new-hdsinspector\dcswrapper\debug\dcswrapper.pch
d:\bga_main\src-new-hdsinspector\dcswrapper\debug\dcswrapper.pchast
d:\bga_main\src-new-hdsinspector\dcswrapper\debug\stdafx.cpp.nativecodeanalysis.xml
d:\bga_main\src-new-hdsinspector\dcswrapper\debug\stdafx.obj
d:\bga_main\src-new-hdsinspector\dcswrapper\debug\vc110.pdb
d:\bga_main\src-new-hdsinspector\dcswrapper\debug\assemblyinfo.cpp.nativecodeanalysis.xml
d:\bga_main\src-new-hdsinspector\dcswrapper\debug\assemblyinfo.obj
d:\bga_main\src-new-hdsinspector\dcswrapper\debug\nidaqmxlib.cpp.nativecodeanalysis.xml
d:\bga_main\src-new-hdsinspector\dcswrapper\debug\nidaqmxlib.obj
d:\bga_main\src-new-hdsinspector\dcswrapper\debug\.netframework,version=v4.5.assemblyattributes.cpp.nativecodeanalysis.xml
d:\bga_main\src-new-hdsinspector\dcswrapper\debug\.netframework,version=v4.5.assemblyattributes.obj
d:\bga_main\bin\dcswrapper.ilk
d:\bga_main\bin\dcswrapper.dll
d:\bga_main\bin\dcswrapper.pdb
d:\bga_main\src-new-hdsinspector\dcswrapper\debug\app.res
d:\source\bav\bav_\src-new-hdsinspector\dcswrapper\debug\dcswrapper.pch
d:\source\bav\bav_\src-new-hdsinspector\dcswrapper\debug\vc140.pdb
d:\source\bav\bav_\src-new-hdsinspector\dcswrapper\debug\dcswrapper.pchast
d:\source\bav\bav_\src-new-hdsinspector\dcswrapper\debug\stdafx.nativecodeanalysis.xml
d:\source\bav\bav_\src-new-hdsinspector\dcswrapper\debug\stdafx.obj
d:\source\bav\bav_\src-new-hdsinspector\dcswrapper\debug\nidaqmxlib.nativecodeanalysis.xml
d:\source\bav\bav_\src-new-hdsinspector\dcswrapper\debug\assemblyinfo.nativecodeanalysis.xml
d:\source\bav\bav_\src-new-hdsinspector\dcswrapper\debug\assemblyinfo.obj
d:\source\bav\bav_\src-new-hdsinspector\dcswrapper\debug\nidaqmxlib.obj
d:\source\bav\bav_\src-new-hdsinspector\dcswrapper\debug\.netframework,version=v4.5.assemblyattributes.nativecodeanalysis.xml
d:\source\bav\bav_\src-new-hdsinspector\dcswrapper\debug\.netframework,version=v4.5.assemblyattributes.obj
d:\source\bav\bav_\src-new-hdsinspector\dcswrapper\debug\.netframework,version=v4.5.assemblyattributes.asm
d:\source\bav\bav_\bin\dcswrapper.dll
d:\source\bav\bav_\bin\dcswrapper.pdb
d:\source\bav\bav_\src-new-hdsinspector\dcswrapper\debug\app.res
d:\source\bav\bav_\src-new-hdsinspector\dcswrapper\debug\dcswrapper.vcxprojresolveassemblyreference.cache
d:\source\bav\bav_\src-new-hdsinspector\dcswrapper\debug\cl.command.1.tlog
d:\source\bav\bav_\src-new-hdsinspector\dcswrapper\debug\cl.read.1.tlog
d:\source\bav\bav_\src-new-hdsinspector\dcswrapper\debug\cl.write.1.tlog
d:\source\bav\bav_\src-new-hdsinspector\dcswrapper\debug\link.388-cvtres.read.1.tlog
d:\source\bav\bav_\src-new-hdsinspector\dcswrapper\debug\link.388-cvtres.write.1.tlog
d:\source\bav\bav_\src-new-hdsinspector\dcswrapper\debug\link.388-rc.read.1.tlog
d:\source\bav\bav_\src-new-hdsinspector\dcswrapper\debug\link.388-rc.write.1.tlog
d:\source\bav\bav_\src-new-hdsinspector\dcswrapper\debug\link.388.read.1.tlog
d:\source\bav\bav_\src-new-hdsinspector\dcswrapper\debug\link.388.write.1.tlog
d:\source\bav\bav_\src-new-hdsinspector\dcswrapper\debug\link.command.1.tlog
d:\source\bav\bav_\src-new-hdsinspector\dcswrapper\debug\link.read.1.tlog
d:\source\bav\bav_\src-new-hdsinspector\dcswrapper\debug\link.write.1.tlog
d:\source\bav\bav_\src-new-hdsinspector\dcswrapper\debug\metagen.read.1.tlog
d:\source\bav\bav_\src-new-hdsinspector\dcswrapper\debug\metagen.write.1.tlog
d:\source\bav\bav_\src-new-hdsinspector\dcswrapper\debug\nativecodeanalysis.read.1.tlog
d:\source\bav\bav_\src-new-hdsinspector\dcswrapper\debug\rc.command.1.tlog
d:\source\bav\bav_\src-new-hdsinspector\dcswrapper\debug\rc.read.1.tlog
d:\source\bav\bav_\src-new-hdsinspector\dcswrapper\debug\rc.write.1.tlog
d:\source\bav\bav_\src-new-hdsinspector\dcswrapper\debug\vc110.pdb
d:\source\bav\bav_\src-new-hdsinspector\dcswrapper\debug\.netframework,version=v4.5.assemblyattributes.cpp.nativecodeanalysis.xml
d:\source\bav\bav_\src-new-hdsinspector\dcswrapper\debug\assemblyinfo.cpp.nativecodeanalysis.xml
d:\source\bav\bav_\src-new-hdsinspector\dcswrapper\debug\nidaqmxlib.cpp.nativecodeanalysis.xml
d:\source\bav\bav_\src-new-hdsinspector\dcswrapper\debug\stdafx.cpp.nativecodeanalysis.xml
d:\source\bav\bav_\src-new-hdsinspector\dcswrapper\debug\vc.nativecodeanalysis.all.xml
d:\source\bav\bav_\src-new-hdsinspector\dcswrapper\debug\msxml6r.dll.bi
d:\source\bav\bav_\src-new-hdsinspector\dcswrapper\debug\rsaenh.dll.bi
d:\source\bav\bav_\src-new-hdsinspector\dcswrapper\debug\tzres.dll.bi
d:\source\bav\bav_\src-new-hdsinspector\..\bin\dcswrapper.pdb
d:\source\bav\bav_\src-new-hdsinspector\..\bin\dcswrapper.dll
d:\source\bav\bav_\src-new-hdsinspector\..\bin\dcswrapper.dll.codeanalysislog.xml
d:\source\bav\bav_\src-new-hdsinspector\..\bin\dcswrapper.dll.lastcodeanalysissucceeded
d:\source\bav\bav_\src-new-hdsinspector\dcswrapper\debug\dcswrapper.tlog\cl.command.1.tlog
d:\source\bav\bav_\src-new-hdsinspector\dcswrapper\debug\dcswrapper.tlog\cl.read.1.tlog
d:\source\bav\bav_\src-new-hdsinspector\dcswrapper\debug\dcswrapper.tlog\cl.write.1.tlog
d:\source\bav\bav_\src-new-hdsinspector\dcswrapper\debug\dcswrapper.tlog\link.command.1.tlog
d:\source\bav\bav_\src-new-hdsinspector\dcswrapper\debug\dcswrapper.tlog\link.read.1.tlog
d:\source\bav\bav_\src-new-hdsinspector\dcswrapper\debug\dcswrapper.tlog\link.write.1.tlog
d:\source\bav\bav_\src-new-hdsinspector\dcswrapper\debug\dcswrapper.tlog\metagen.read.1.tlog
d:\source\bav\bav_\src-new-hdsinspector\dcswrapper\debug\dcswrapper.tlog\metagen.write.1.tlog
d:\source\bav\bav_\src-new-hdsinspector\dcswrapper\debug\dcswrapper.tlog\rc.command.1.tlog
d:\source\bav\bav_\src-new-hdsinspector\dcswrapper\debug\dcswrapper.tlog\rc.read.1.tlog
d:\source\bav\bav_\src-new-hdsinspector\dcswrapper\debug\dcswrapper.tlog\rc.write.1.tlog
d:\source\bav\bav_\src-new-hdsinspector\dcswrapper\debug\dcswrapper.tlog\gdi32.dll.bi
d:\source\bav\bav_\src-new-hdsinspector\dcswrapper\debug\dcswrapper.tlog\kernelbase.dll.bi
d:\source\bav\bav_\src-new-hdsinspector\dcswrapper\debug\dcswrapper.tlog\msxml6r.dll.bi
d:\source\bav\bav_\src-new-hdsinspector\dcswrapper\debug\dcswrapper.tlog\ntdll.dll.bi
d:\source\bav\bav_\src-new-hdsinspector\dcswrapper\debug\dcswrapper.tlog\tzres.dll.bi
