d:\src\bga\avi\내제화_09\src-new-hdsinspector\dcswrapper\release\dcswrapper.pch
d:\src\bga\avi\내제화_09\src-new-hdsinspector\dcswrapper\release\stdafx.obj
d:\src\bga\avi\내제화_09\src-new-hdsinspector\dcswrapper\release\vc110.pdb
d:\src\bga\avi\내제화_09\src-new-hdsinspector\dcswrapper\release\nidaqmxlib.obj
d:\src\bga\avi\내제화_09\src-new-hdsinspector\dcswrapper\release\assemblyinfo.obj
d:\src\bga\avi\내제화_09\src-new-hdsinspector\dcswrapper\release\.netframework,version=v4.5.assemblyattributes.obj
d:\src\bga\avi\내제화_09\bin\dcswrapper.ilk
d:\src\bga\avi\내제화_09\bin\dcswrapper.dll
d:\src\bga\avi\내제화_09\bin\dcswrapper.pdb
d:\src\bga\avi\내제화_09\src-new-hdsinspector\dcswrapper\release\app.res
d:\main\src-new-hdsinspector\dcswrapper\release\dcswrapper.pch
d:\main\src-new-hdsinspector\dcswrapper\release\vc140.pdb
d:\main\src-new-hdsinspector\dcswrapper\release\stdafx.obj
d:\main\src-new-hdsinspector\dcswrapper\release\nidaqmxlib.obj
d:\main\src-new-hdsinspector\dcswrapper\release\assemblyinfo.obj
d:\main\src-new-hdsinspector\dcswrapper\release\.netframework,version=v4.5.assemblyattributes.obj
d:\main\src-new-hdsinspector\dcswrapper\release\.netframework,version=v4.5.assemblyattributes.asm
g:\code\bav\src\main\src-new-hdsinspector\dcswrapper\release\dcswrapper.pch
g:\code\bav\src\main\src-new-hdsinspector\dcswrapper\release\vc143.pdb
g:\code\bav\src\main\src-new-hdsinspector\dcswrapper\release\stdafx.obj
g:\code\bav\src\main\src-new-hdsinspector\dcswrapper\release\nidaqmxlib.obj
g:\code\bav\src\main\src-new-hdsinspector\dcswrapper\release\assemblyinfo.obj
g:\code\bav\src\main\src-new-hdsinspector\dcswrapper\release\.netframework,version=v4.6.1.assemblyattributes.obj
g:\code\bav\src\main\src-new-hdsinspector\dcswrapper\release\dcswrapper.tlog\metagen.write.1.tlog
d:\main\src-new-hdsinspector\dcswrapper\release\app.res
g:\code\bav\src\main\src-new-hdsinspector\dcswrapper\release\app.res
g:\code\bav\src\main\src-new-hdsinspector\dcswrapper\release\dcswrapper.vcxproj.assemblyreference.cache
g:\code\bav\src\main\src-new-hdsinspector\dcswrapper\release\dcswrapper.vcxprojassemblyreference.cache
g:\code\bav\src\main\src-new-hdsinspector\dcswrapper\release\dcswrapper.vcxprojresolveassemblyreference.cache
g:\code\bav\src\main\src-new-hdsinspector\dcswrapper\release\.netframework,version=v4.5.2.assemblyattributes.obj
g:\code\bav\src\main\src-new-hdsinspector\dcswrapper\release\.netframework,version=v4.5.assemblyattributes.obj
g:\code\bav\src\main\src-new-hdsinspector\dcswrapper\release\cl.command.1.tlog
g:\code\bav\src\main\src-new-hdsinspector\dcswrapper\release\cl.read.1.tlog
g:\code\bav\src\main\src-new-hdsinspector\dcswrapper\release\cl.write.1.tlog
g:\code\bav\src\main\src-new-hdsinspector\dcswrapper\release\link.102116-cvtres.read.1.tlog
g:\code\bav\src\main\src-new-hdsinspector\dcswrapper\release\link.102116-cvtres.write.1.tlog
g:\code\bav\src\main\src-new-hdsinspector\dcswrapper\release\link.102116-rc.read.1.tlog
g:\code\bav\src\main\src-new-hdsinspector\dcswrapper\release\link.102116-rc.write.1.tlog
g:\code\bav\src\main\src-new-hdsinspector\dcswrapper\release\link.102116.read.1.tlog
g:\code\bav\src\main\src-new-hdsinspector\dcswrapper\release\link.102116.write.1.tlog
g:\code\bav\src\main\src-new-hdsinspector\dcswrapper\release\link.command.1.tlog
g:\code\bav\src\main\src-new-hdsinspector\dcswrapper\release\link.read.1.tlog
g:\code\bav\src\main\src-new-hdsinspector\dcswrapper\release\link.write.1.tlog
g:\code\bav\src\main\src-new-hdsinspector\dcswrapper\release\metagen.read.1.tlog
g:\code\bav\src\main\src-new-hdsinspector\dcswrapper\release\metagen.write.1.tlog
g:\code\bav\src\main\src-new-hdsinspector\dcswrapper\release\rc.command.1.tlog
g:\code\bav\src\main\src-new-hdsinspector\dcswrapper\release\rc.read.1.tlog
g:\code\bav\src\main\src-new-hdsinspector\dcswrapper\release\rc.write.1.tlog
g:\code\bav\src\main\src-new-hdsinspector\dcswrapper\release\vc110.pdb
g:\code\bav\src\main\src-new-hdsinspector\dcswrapper\release\vc140.pdb
g:\code\bav\src\main\src-new-hdsinspector\dcswrapper\release\gdi32.dll.bi
g:\code\bav\src\main\src-new-hdsinspector\dcswrapper\release\kernelbase.dll.bi
g:\code\bav\src\main\src-new-hdsinspector\dcswrapper\release\ntdll.dll.bi
g:\code\bav\src\main\src-new-hdsinspector\dcswrapper\release\tzres.dll.bi
g:\code\bav\src\main\src-new-hdsinspector\..\bin\dcswrapper.pdb
g:\code\bav\src\main\src-new-hdsinspector\dcswrapper\release\dcswrapper.tlog\cl.command.1.tlog
g:\code\bav\src\main\src-new-hdsinspector\dcswrapper\release\dcswrapper.tlog\cl.read.1.tlog
g:\code\bav\src\main\src-new-hdsinspector\dcswrapper\release\dcswrapper.tlog\cl.write.1.tlog
g:\code\bav\src\main\src-new-hdsinspector\dcswrapper\release\dcswrapper.tlog\link.16212-cvtres.read.1.tlog
g:\code\bav\src\main\src-new-hdsinspector\dcswrapper\release\dcswrapper.tlog\link.16212-cvtres.write.1.tlog
g:\code\bav\src\main\src-new-hdsinspector\dcswrapper\release\dcswrapper.tlog\link.16212-rc.read.1.tlog
g:\code\bav\src\main\src-new-hdsinspector\dcswrapper\release\dcswrapper.tlog\link.16212-rc.write.1.tlog
g:\code\bav\src\main\src-new-hdsinspector\dcswrapper\release\dcswrapper.tlog\link.16212.read.1.tlog
g:\code\bav\src\main\src-new-hdsinspector\dcswrapper\release\dcswrapper.tlog\link.16212.write.1.tlog
g:\code\bav\src\main\src-new-hdsinspector\dcswrapper\release\dcswrapper.tlog\link.32892-cvtres.read.1.tlog
g:\code\bav\src\main\src-new-hdsinspector\dcswrapper\release\dcswrapper.tlog\link.32892-cvtres.write.1.tlog
g:\code\bav\src\main\src-new-hdsinspector\dcswrapper\release\dcswrapper.tlog\link.32892-rc.read.1.tlog
g:\code\bav\src\main\src-new-hdsinspector\dcswrapper\release\dcswrapper.tlog\link.32892-rc.write.1.tlog
g:\code\bav\src\main\src-new-hdsinspector\dcswrapper\release\dcswrapper.tlog\link.32892.read.1.tlog
g:\code\bav\src\main\src-new-hdsinspector\dcswrapper\release\dcswrapper.tlog\link.32892.read.2.tlog
g:\code\bav\src\main\src-new-hdsinspector\dcswrapper\release\dcswrapper.tlog\link.32892.write.1.tlog
g:\code\bav\src\main\src-new-hdsinspector\dcswrapper\release\dcswrapper.tlog\link.34824-cvtres.read.1.tlog
g:\code\bav\src\main\src-new-hdsinspector\dcswrapper\release\dcswrapper.tlog\link.34824-cvtres.write.1.tlog
g:\code\bav\src\main\src-new-hdsinspector\dcswrapper\release\dcswrapper.tlog\link.34824-rc.read.1.tlog
g:\code\bav\src\main\src-new-hdsinspector\dcswrapper\release\dcswrapper.tlog\link.34824-rc.write.1.tlog
g:\code\bav\src\main\src-new-hdsinspector\dcswrapper\release\dcswrapper.tlog\link.34824.read.1.tlog
g:\code\bav\src\main\src-new-hdsinspector\dcswrapper\release\dcswrapper.tlog\link.34824.read.2.tlog
g:\code\bav\src\main\src-new-hdsinspector\dcswrapper\release\dcswrapper.tlog\link.34824.write.1.tlog
g:\code\bav\src\main\src-new-hdsinspector\dcswrapper\release\dcswrapper.tlog\link.command.1.tlog
g:\code\bav\src\main\src-new-hdsinspector\dcswrapper\release\dcswrapper.tlog\link.read.1.tlog
g:\code\bav\src\main\src-new-hdsinspector\dcswrapper\release\dcswrapper.tlog\link.read.2.tlog
g:\code\bav\src\main\src-new-hdsinspector\dcswrapper\release\dcswrapper.tlog\link.write.1.tlog
g:\code\bav\src\main\src-new-hdsinspector\dcswrapper\release\dcswrapper.tlog\metagen.read.1.tlog
g:\code\bav\src\main\src-new-hdsinspector\dcswrapper\release\dcswrapper.tlog\rc.command.1.tlog
g:\code\bav\src\main\src-new-hdsinspector\dcswrapper\release\dcswrapper.tlog\rc.read.1.tlog
g:\code\bav\src\main\src-new-hdsinspector\dcswrapper\release\dcswrapper.tlog\rc.write.1.tlog
g:\code\bav\src\main\src-new-hdsinspector\dcswrapper\release\dcswrapper.tlog\system.data.dll.metagen
g:\code\bav\src\main\src-new-hdsinspector\dcswrapper\release\dcswrapper.tlog\system.dll.metagen
g:\code\bav\src\main\src-new-hdsinspector\dcswrapper\release\dcswrapper.tlog\system.xml.dll.metagen
g:\code\bav\src\main\src-new-hdsinspector\dcswrapper\release\dcswrapper.tlog\clui.dll.bi
g:\code\bav\src\main\src-new-hdsinspector\dcswrapper\release\dcswrapper.tlog\gdi32.dll.bi
g:\code\bav\src\main\src-new-hdsinspector\dcswrapper\release\dcswrapper.tlog\kernelbase.dll.bi
g:\code\bav\src\main\src-new-hdsinspector\dcswrapper\release\dcswrapper.tlog\ntdll.dll.bi
g:\code\bav\src\main\src-new-hdsinspector\dcswrapper\release\dcswrapper.tlog\tzres.dll.bi
